<?xml version="1.0" encoding="UTF-8"?>
<!-- Generated by org.testng.reporters.JUnitReportReporter -->
<testsuite hostname="DESKTOP-SMTEURG" failures="0" tests="4" name="testNG.GroupingExample" time="0.010" errors="0" timestamp="2022-04-20T13:31:31 IST" skipped="0">
  <testcase classname="testNG.GroupingExample" name="vivoPhone1" time="0.001"/>
  <system-out/>
  <testcase classname="testNG.GroupingExample" name="vivoPhone2" time="0.001"/>
  <system-out/>
  <testcase classname="testNG.GroupingExample" name="lenovoPhone1" time="0.007"/>
  <system-out/>
  <testcase classname="testNG.GroupingExample" name="lenovoPhone2" time="0.001"/>
  <system-out/>
</testsuite> <!-- testNG.GroupingExample -->
