<?xml version="1.0" encoding="UTF-8"?>
<!-- Generated by org.testng.reporters.JUnitReportReporter -->
<testsuite hostname="DESKTOP-SMTEURG" failures="0" tests="2" name="seleniumInterviews.AnnotationsTest" time="0.007" errors="0" timestamp="2022-06-16T14:39:12 IST" skipped="0">
  <testcase classname="seleniumInterviews.AnnotationsTest" name="test1" time="0.005"/>
  <system-out/>
  <testcase classname="seleniumInterviews.AnnotationsTest" name="test2" time="0.002"/>
  <system-out/>
</testsuite> <!-- seleniumInterviews.AnnotationsTest -->
