<?xml version="1.0" encoding="UTF-8"?>
<!-- Generated by org.testng.reporters.JUnitReportReporter -->
<testsuite hostname="DESKTOP-SMTEURG" failures="0" tests="3" name="seleniumInterviews.TestMultipleTimes" time="0.010" errors="0" timestamp="2022-06-16T14:45:34 IST" skipped="0">
  <testcase classname="seleniumInterviews.TestMultipleTimes" name="test" time="0.009"/>
  <system-out/>
  <testcase classname="seleniumInterviews.TestMultipleTimes" name="test" time="0.000"/>
  <system-out/>
  <testcase classname="seleniumInterviews.TestMultipleTimes" name="test" time="0.001"/>
  <system-out/>
</testsuite> <!-- seleniumInterviews.TestMultipleTimes -->
