<?xml version="1.0" encoding="UTF-8"?>
<!-- Generated by org.testng.reporters.JUnitReportReporter -->
<testsuite hostname="DESKTOP-SMTEURG" failures="0" tests="4" name="testNG.DependanciesManagement" time="0.016" errors="0" timestamp="2022-04-20T04:13:45 IST" skipped="0">
  <testcase classname="testNG.DependanciesManagement" name="highSchool" time="0.002"/>
  <system-out/>
  <testcase classname="testNG.DependanciesManagement" name="elementarySchool" time="0.010"/>
  <system-out/>
  <testcase classname="testNG.DependanciesManagement" name="collge" time="0.002"/>
  <system-out/>
  <testcase classname="testNG.DependanciesManagement" name="higherSecondary" time="0.002"/>
  <system-out/>
</testsuite> <!-- testNG.DependanciesManagement -->
