<?xml version="1.0" encoding="UTF-8"?>
<!-- Generated by org.testng.reporters.JUnitReportReporter -->
<testsuite hostname="DESKTOP-SMTEURG" failures="0" tests="1" name="seleniumInterviews.AssertVsVerify" time="0.014" errors="0" timestamp="2022-06-16T11:02:28 IST" skipped="0">
  <testcase classname="seleniumInterviews.AssertVsVerify" name="testVerify" time="0.014"/>
  <system-out/>
</testsuite> <!-- seleniumInterviews.AssertVsVerify -->
