<?xml version="1.0" encoding="UTF-8"?>
<!-- Generated by org.testng.reporters.JUnitReportReporter -->
<testsuite hostname="DESKTOP-SMTEURG" failures="0" tests="5" name="testNG.DriveACar" time="0.008" errors="0" timestamp="2022-04-20T04:13:45 IST" skipped="0">
  <testcase classname="testNG.DriveACar" name="startACar" time="0.001"/>
  <system-out/>
  <testcase classname="testNG.DriveACar" name="putFirstGear" time="0.003"/>
  <system-out/>
  <testcase classname="testNG.DriveACar" name="putSecondGear" time="0.001"/>
  <system-out/>
  <testcase classname="testNG.DriveACar" name="putThirdGear" time="0.001"/>
  <system-out/>
  <testcase classname="testNG.DriveACar" name="putFourthGear" time="0.002"/>
  <system-out/>
</testsuite> <!-- testNG.DriveACar -->
