<?xml version="1.0" encoding="UTF-8"?>
<!-- Generated by org.testng.reporters.JUnitReportReporter -->
<testsuite hostname="DESKTOP-SMTEURG" failures="0" tests="3" name="testNG.SuiteExample" time="4.547" errors="0" timestamp="2022-06-18T13:12:37 IST" skipped="0">
  <testcase classname="testNG.SuiteExample" name="openYahoo" time="1.271"/>
  <system-out/>
  <testcase classname="testNG.SuiteExample" name="openBing" time="1.310"/>
  <system-out/>
  <testcase classname="testNG.SuiteExample" name="openGoogle" time="1.966"/>
  <system-out/>
</testsuite> <!-- testNG.SuiteExample -->
