<?xml version="1.0" encoding="UTF-8"?>
<!-- Generated by org.testng.reporters.JUnitReportReporter -->
<testsuite hostname="DESKTOP-SMTEURG" failures="0" tests="2" name="testNG.ParallelTestingExample" time="7.110" errors="0" timestamp="2022-04-20T19:49:42 IST" skipped="0">
  <testcase classname="testNG.ParallelTestingExample" name="openbing" time="2.139"/>
  <system-out/>
  <testcase classname="testNG.ParallelTestingExample" name="openGoogle" time="4.971"/>
  <system-out/>
</testsuite> <!-- testNG.ParallelTestingExample -->
