<?xml version="1.0" encoding="UTF-8"?>
<!-- Generated by org.testng.reporters.JUnitReportReporter -->
<testsuite hostname="DESKTOP-SMTEURG" failures="0" tests="2" name="testNG.AnnotationsHierachyExample" time="0.011" errors="0" timestamp="2022-04-20T21:24:56 IST" skipped="0">
  <testcase classname="testNG.AnnotationsHierachyExample" name="test" time="0.008"/>
  <system-out/>
  <testcase classname="testNG.AnnotationsHierachyExample" name="test2" time="0.003"/>
  <system-out/>
</testsuite> <!-- testNG.AnnotationsHierachyExample -->
