<?xml version="1.0" encoding="UTF-8"?>
<!-- Generated by org.testng.reporters.JUnitReportReporter -->
<testsuite hostname="DESKTOP-SMTEURG" failures="0" tests="6" name="testNG.SkipATest" time="0.007" errors="0" timestamp="2022-04-20T04:13:45 IST" skipped="1">
  <testcase classname="testNG.SkipATest" name="startACar" time="0.001"/>
  <system-out/>
  <testcase classname="testNG.SkipATest" name="putFirstGear" time="0.001"/>
  <system-out/>
  <testcase classname="testNG.SkipATest" name="putSecondGear" time="0.001"/>
  <system-out/>
  <testcase classname="testNG.SkipATest" name="putThirdGear" time="0.001"/>
  <system-out/>
  <testcase classname="testNG.SkipATest" name="putFourthGear" time="0.003"/>
  <system-out/>
  <testcase classname="testNG.SkipATest" name="turnTheMusic">
    <skipped/>
  </testcase> <!-- turnTheMusic -->
  <system-out/>
</testsuite> <!-- testNG.SkipATest -->
