<?xml version="1.0" encoding="UTF-8"?>
<!-- Generated by org.testng.reporters.JUnitReportReporter -->
<testsuite hostname="DESKTOP-SMTEURG" failures="0" tests="1" name="seleniumInterviews.TimeOutExample" time="2.018" errors="0" timestamp="2022-06-16T14:58:19 IST" skipped="0">
  <testcase classname="seleniumInterviews.TimeOutExample" name="test" time="2.018"/>
  <system-out/>
</testsuite> <!-- seleniumInterviews.TimeOutExample -->
